INFO: 2024/11/27 13:57:51 Nostr crawler is starting up
ERROR: 2024/11/27 13:59:35 Error processing the eventID 061608f37a0e4162eb233f84b76f0a68552ad138a0072b35b35919c7a3f35477: node already in the database
ERROR: 2024/11/27 14:02:01 Error processing the eventID ba33af846f99186b39f0d4a5ffc652dc7a9f39ee8192a77b60b8b3425ad6ed40: node already in the database
ERROR: 2024/11/27 14:02:13 Error processing the eventID fbf22802489d54f3e2e578ee3076a69791a013dc71cda5da7e660e652604f8b9: node already in the database
INFO: 2024/11/27 14:02:39 processed 1000 events
ERROR: 2024/11/27 14:03:39 Error processing the eventID e6a86cfea6dd2a8f3319c968132fb3f21bbf6e78db8c2b4882ece3f2eba09a9b: node already in the database
INFO: 2024/11/27 14:06:25 processed 2000 events
INFO: 2024/11/27 14:10:55 processed 3000 events
ERROR: 2024/11/27 14:13:05 Error processing the eventID b5182cf7f42951f5d4a9c32aba306db44a562126abb3bef566c1637efc5f5513: node already in the database
WARN: 2024/11/27 14:13:05 Channel is full, dropping eventID: b5182cf7f42951f5d4a9c32aba306db44a562126abb3bef566c1637efc5f5513
ERROR: 2024/11/27 14:13:08 Error processing the eventID 851a5c9bb8815d9e0f32768ffd92cc60ae907afcb02075b3d0d7e97f3e172e5c: node already in the database
ERROR: 2024/11/27 14:14:17 Error processing the eventID fb67452c9670ea66818bc45fc80fef8d3b5990c5c32b08d5f130d3e293138b63: node already in the database
INFO: 2024/11/27 14:16:11 processed 4000 events
ERROR: 2024/11/27 14:17:54 Error processing the eventID db72466d22c994e844361e95acc9ed82b86f2fb324718a7940694b07c40290b3: node already in the database
ERROR: 2024/11/27 14:19:44 Error processing the eventID 6d40ca1b887913ae56d23049714ac0fc119f3cd63477f6af38105d2d6fe26459: node already in the database
ERROR: 2024/11/27 14:21:31 Error processing the eventID 41d7cf9c9f6d9f8da77e220d13e7b46a66f3fb6cad6d2a883c03ec5b614e16c1: node already in the database
INFO: 2024/11/27 14:22:05 processed 5000 events
ERROR: 2024/11/27 14:28:03 Error processing the eventID 1b1bc8e2a931338f5f86a3847215cd368dde947cf990e4c058792fbd40ec90e9: node already in the database
WARN: 2024/11/27 14:28:03 Channel is full, dropping eventID: 1b1bc8e2a931338f5f86a3847215cd368dde947cf990e4c058792fbd40ec90e9
INFO: 2024/11/27 14:28:29 processed 6000 events
INFO: 2024/11/27 14:35:05 processed 7000 events
ERROR: 2024/11/27 14:35:46 Error processing the eventID c21758d919966038810cf235036615b9902b5e3567ba065b022d6c31f06f2815: node already in the database
WARN: 2024/11/27 14:35:46 Channel is full, dropping eventID: c21758d919966038810cf235036615b9902b5e3567ba065b022d6c31f06f2815
ERROR: 2024/11/27 14:41:13 Error processing the eventID 6a309cbe0cdf9c4d9eb93516a94890df1f2d8a3808b3bc9be380daec5798de1a: node already in the database
WARN: 2024/11/27 14:41:13 Channel is full, dropping eventID: 6a309cbe0cdf9c4d9eb93516a94890df1f2d8a3808b3bc9be380daec5798de1a
INFO: 2024/11/27 14:42:22 processed 8000 events
ERROR: 2024/11/27 14:44:07 Error processing the eventID 8c069fddeb5671504489b5d0345dc18eebbfb2d5320e471bba7ade33564e4c0f: node already in the database
ERROR: 2024/11/27 14:49:39 Error processing the eventID e26c80b2287315ade36b96f873f3a60066ed7feee25f1112cd5010fc1c67de9f: node already in the database
ERROR: 2024/11/27 14:49:52 Error processing the eventID 639c386928c0f218ca235cd787fcfc9dc0cfb726cffe9725cf0f83c7fd976989: node already in the database
WARN: 2024/11/27 14:49:52 Channel is full, dropping eventID: 639c386928c0f218ca235cd787fcfc9dc0cfb726cffe9725cf0f83c7fd976989
ERROR: 2024/11/27 14:49:54 Error processing the eventID 867ae87cfb79da3098cedd9a0a29da08c1216f31ec5f0e469d9913f6df219601: node already in the database
WARN: 2024/11/27 14:49:54 Channel is full, dropping eventID: 867ae87cfb79da3098cedd9a0a29da08c1216f31ec5f0e469d9913f6df219601
ERROR: 2024/11/27 14:49:55 Error processing the eventID e27dc2c518f400f9c415c6942d16b7a2f2fbd20542088b9f6cd6efbf7160c767: node already in the database
WARN: 2024/11/27 14:49:55 Channel is full, dropping eventID: e27dc2c518f400f9c415c6942d16b7a2f2fbd20542088b9f6cd6efbf7160c767
ERROR: 2024/11/27 14:49:56 Error processing the eventID b315ba093a656d98aa2a88e9718b33d003e600a891b6a88b96a6079d367adf7c: node already in the database
WARN: 2024/11/27 14:49:56 Channel is full, dropping eventID: b315ba093a656d98aa2a88e9718b33d003e600a891b6a88b96a6079d367adf7c
ERROR: 2024/11/27 14:50:04 Error processing the eventID 37bdd78119b83b5a65479cffdc1ef396a80ced0e4ade8c3f9245101994e9e1cf: node already in the database
WARN: 2024/11/27 14:50:04 Channel is full, dropping eventID: 37bdd78119b83b5a65479cffdc1ef396a80ced0e4ade8c3f9245101994e9e1cf
ERROR: 2024/11/27 14:50:07 Error processing the eventID b97dae15949db1167c406c2013bab9879b1e8170c9a2296535bce021c4e9c835: node already in the database
WARN: 2024/11/27 14:50:07 Channel is full, dropping eventID: b97dae15949db1167c406c2013bab9879b1e8170c9a2296535bce021c4e9c835
ERROR: 2024/11/27 14:50:08 Error processing the eventID fb9dc6e35efcdc451f86e9f35eefe6642d7860beab55f21877ded43abde941a2: node already in the database
WARN: 2024/11/27 14:50:08 Channel is full, dropping eventID: fb9dc6e35efcdc451f86e9f35eefe6642d7860beab55f21877ded43abde941a2
INFO: 2024/11/27 14:50:16 processed 9000 events
ERROR: 2024/11/27 14:53:36 Error processing the eventID 54ec22a723304c73e687945e9e8ee8fd1f1dc261f628de360faad8832fac5fbc: node already in the database
WARN: 2024/11/27 14:53:36 Channel is full, dropping eventID: 54ec22a723304c73e687945e9e8ee8fd1f1dc261f628de360faad8832fac5fbc
INFO: 2024/11/27 15:04:03 Signal received. Shutting down...
